<?xml version="1.0" encoding="UTF-8"?>
<!-- Generated by org.testng.reporters.JUnitReportReporter -->
<testsuite hostname="DESKTOP-QII4S61" failures="0" tests="3" name="com.testcrew.stc.tests.SubscriptionTest" time="32.906" errors="0" timestamp="2024-07-25T00:51:17 PKT" skipped="0">
  <testcase classname="com.testcrew.stc.tests.SubscriptionTest" name="validateSubscriptionPackages" time="8.641"/>
  <system-out/>
  <testcase classname="com.testcrew.stc.tests.SubscriptionTest" name="validateSubscriptionPackages" time="9.450"/>
  <system-out/>
  <testcase classname="com.testcrew.stc.tests.SubscriptionTest" name="validateSubscriptionPackages" time="14.815"/>
  <system-out/>
</testsuite> <!-- com.testcrew.stc.tests.SubscriptionTest -->
